Command line:
   hvsync_tb_isim_beh.exe
     -simmode  gui
     -simrunnum  0
     -socket  65149

Tue Apr 10 16:27:47 2018


 Elaboration Time: 0.125 sec

 Current Memory Usage: 1516.53 Meg

 Total Signals          : 22
 Total Nets             : 38
 Total Signal Drivers   : 12
 Total Blocks           : 5
 Total Primitive Blocks : 4
 Total Processes        : 20
 Total Traceable Variables  : 26
 Total Scalar Nets and Variables : 155
Total Line Count : 54

 Total Simulation Time: 0.84375 sec

 Current Memory Usage: 1044.67 Meg

Tue Apr 10 16:41:01 2018

