Running: C:\Xilinx\14.7\ISE_DS\ISE\bin\nt64\unwrapped\fuse.exe -intstyle ise -incremental -lib unisims_ver -lib unimacro_ver -lib xilinxcorelib_ver -lib secureip -o C:/Users/Archana/Documents/USC_Spring18/EE354/VGA_demo/vgademo_tb_isim_beh.exe -prj C:/Users/Archana/Documents/USC_Spring18/EE354/VGA_demo/vgademo_tb_beh.prj work.vgademo_tb work.glbl 
ISim P.20131013 (signature 0x7708f090)
Number of CPUs detected in this system: 4
Turning on mult-threading, number of parallel sub-compilation jobs: 8 
Determining compilation order of HDL files
Analyzing Verilog file "C:/Users/Archana/Documents/USC_Spring18/EE354/VGA_demo/hvsync_generator.v" into library work
Analyzing Verilog file "C:/Users/Archana/Documents/USC_Spring18/EE354/VGA_demo/vga_demo.v" into library work
Analyzing Verilog file "C:/Users/Archana/Documents/USC_Spring18/EE354/VGA_demo/vgademo_tb.v" into library work
Analyzing Verilog file "C:/Xilinx/14.7/ISE_DS/ISE//verilog/src/glbl.v" into library work
Starting static elaboration
Completed static elaboration
Compiling module BUF
Compiling module hvsync_generator
Compiling module vga_demo
Compiling module vgademo_tb
Compiling module glbl
Time Resolution for simulation is 1ps.
Waiting for 1 sub-compilation(s) to finish...
Compiled 5 Verilog Units
Built simulation executable C:/Users/Archana/Documents/USC_Spring18/EE354/VGA_demo/vgademo_tb_isim_beh.exe
Fuse Memory Usage: 28776 KB
Fuse CPU Usage: 296 ms
